<?xml version="1.0" encoding="UTF-8"?>
<testng-results ignored="0" total="11" passed="11" failed="0" skipped="0">
  <reporter-output>
  </reporter-output>
  <suite started-at="2024-06-28T00:18:32 EDT" name="Default suite" finished-at="2024-06-28T00:19:33 EDT" duration-ms="61283">
    <groups>
      <group name="cucumber">
        <method signature="AbstractTestNGCucumberTests.runScenario(io.cucumber.testng.PickleWrapper,io.cucumber.testng.FeatureWrapper)[pri:0, instance:TestRunner.TestNGRunner@38af9828]" name="runScenario" class="io.cucumber.testng.AbstractTestNGCucumberTests"/>
      </group> <!-- cucumber -->
    </groups>
    <test started-at="2024-06-28T00:18:32 EDT" name="Default test" finished-at="2024-06-28T00:19:33 EDT" duration-ms="61283">
      <class name="TestRunner.TestNGRunner">
        <test-method is-config="true" signature="setUpClass(org.testng.ITestContext)[pri:0, instance:TestRunner.TestNGRunner@38af9828]" started-at="2024-06-28T00:18:32 EDT" name="setUpClass" finished-at="2024-06-28T00:18:32 EDT" duration-ms="163" status="PASS">
          <params>
            <param index="0">
              <value>
                <![CDATA[org.testng.TestRunner@495e8a3]]>
              </value>
            </param>
          </params>
          <reporter-output>
          </reporter-output>
        </test-method> <!-- setUpClass -->
        <test-method signature="runScenario(io.cucumber.testng.PickleWrapper,io.cucumber.testng.FeatureWrapper)[pri:0, instance:TestRunner.TestNGRunner@38af9828]" started-at="2024-06-28T00:18:32 EDT" name="runScenario" description="Runs Cucumber Scenarios" data-provider="scenarios" finished-at="2024-06-28T00:18:34 EDT" duration-ms="1604" status="PASS">
          <params>
            <param index="0">
              <value>
                <![CDATA["if user is able to open the browser page and go to the next page successfully"]]>
              </value>
            </param>
            <param index="1">
              <value>
                <![CDATA["To Test New Regitration"]]>
              </value>
            </param>
          </params>
          <reporter-output>
          </reporter-output>
        </test-method> <!-- runScenario -->
        <test-method signature="runScenario(io.cucumber.testng.PickleWrapper,io.cucumber.testng.FeatureWrapper)[pri:0, instance:TestRunner.TestNGRunner@38af9828]" started-at="2024-06-28T00:18:34 EDT" name="runScenario" description="Runs Cucumber Scenarios" data-provider="scenarios" finished-at="2024-06-28T00:18:34 EDT" duration-ms="170" status="PASS">
          <params>
            <param index="0">
              <value>
                <![CDATA["New user registration page"]]>
              </value>
            </param>
            <param index="1">
              <value>
                <![CDATA["To Test New Regitration"]]>
              </value>
            </param>
          </params>
          <reporter-output>
          </reporter-output>
        </test-method> <!-- runScenario -->
        <test-method signature="runScenario(io.cucumber.testng.PickleWrapper,io.cucumber.testng.FeatureWrapper)[pri:0, instance:TestRunner.TestNGRunner@38af9828]" started-at="2024-06-28T00:18:34 EDT" name="runScenario" description="Runs Cucumber Scenarios" data-provider="scenarios" finished-at="2024-06-28T00:18:34 EDT" duration-ms="197" status="PASS">
          <params>
            <param index="0">
              <value>
                <![CDATA["New user registration page"]]>
              </value>
            </param>
            <param index="1">
              <value>
                <![CDATA["To Test New Regitration"]]>
              </value>
            </param>
          </params>
          <reporter-output>
          </reporter-output>
        </test-method> <!-- runScenario -->
        <test-method signature="runScenario(io.cucumber.testng.PickleWrapper,io.cucumber.testng.FeatureWrapper)[pri:0, instance:TestRunner.TestNGRunner@38af9828]" started-at="2024-06-28T00:18:34 EDT" name="runScenario" description="Runs Cucumber Scenarios" data-provider="scenarios" finished-at="2024-06-28T00:18:34 EDT" duration-ms="195" status="PASS">
          <params>
            <param index="0">
              <value>
                <![CDATA["New user registration page"]]>
              </value>
            </param>
            <param index="1">
              <value>
                <![CDATA["To Test New Regitration"]]>
              </value>
            </param>
          </params>
          <reporter-output>
          </reporter-output>
        </test-method> <!-- runScenario -->
        <test-method signature="runScenario(io.cucumber.testng.PickleWrapper,io.cucumber.testng.FeatureWrapper)[pri:0, instance:TestRunner.TestNGRunner@38af9828]" started-at="2024-06-28T00:18:34 EDT" name="runScenario" description="Runs Cucumber Scenarios" data-provider="scenarios" finished-at="2024-06-28T00:18:34 EDT" duration-ms="159" status="PASS">
          <params>
            <param index="0">
              <value>
                <![CDATA["New user registration page"]]>
              </value>
            </param>
            <param index="1">
              <value>
                <![CDATA["To Test New Regitration"]]>
              </value>
            </param>
          </params>
          <reporter-output>
          </reporter-output>
        </test-method> <!-- runScenario -->
        <test-method signature="runScenario(io.cucumber.testng.PickleWrapper,io.cucumber.testng.FeatureWrapper)[pri:0, instance:TestRunner.TestNGRunner@38af9828]" started-at="2024-06-28T00:18:34 EDT" name="runScenario" description="Runs Cucumber Scenarios" data-provider="scenarios" finished-at="2024-06-28T00:18:37 EDT" duration-ms="2227" status="PASS">
          <params>
            <param index="0">
              <value>
                <![CDATA["New user registration page"]]>
              </value>
            </param>
            <param index="1">
              <value>
                <![CDATA["To Test New Regitration"]]>
              </value>
            </param>
          </params>
          <reporter-output>
          </reporter-output>
        </test-method> <!-- runScenario -->
        <test-method signature="runScenario(io.cucumber.testng.PickleWrapper,io.cucumber.testng.FeatureWrapper)[pri:0, instance:TestRunner.TestNGRunner@38af9828]" started-at="2024-06-28T00:18:37 EDT" name="runScenario" description="Runs Cucumber Scenarios" data-provider="scenarios" finished-at="2024-06-28T00:18:37 EDT" duration-ms="261" status="PASS">
          <params>
            <param index="0">
              <value>
                <![CDATA["New user registration page"]]>
              </value>
            </param>
            <param index="1">
              <value>
                <![CDATA["To Test New Regitration"]]>
              </value>
            </param>
          </params>
          <reporter-output>
          </reporter-output>
        </test-method> <!-- runScenario -->
        <test-method signature="runScenario(io.cucumber.testng.PickleWrapper,io.cucumber.testng.FeatureWrapper)[pri:0, instance:TestRunner.TestNGRunner@38af9828]" started-at="2024-06-28T00:18:37 EDT" name="runScenario" description="Runs Cucumber Scenarios" data-provider="scenarios" finished-at="2024-06-28T00:18:37 EDT" duration-ms="94" status="PASS">
          <params>
            <param index="0">
              <value>
                <![CDATA["New user registration page"]]>
              </value>
            </param>
            <param index="1">
              <value>
                <![CDATA["To Test New Regitration"]]>
              </value>
            </param>
          </params>
          <reporter-output>
          </reporter-output>
        </test-method> <!-- runScenario -->
        <test-method signature="runScenario(io.cucumber.testng.PickleWrapper,io.cucumber.testng.FeatureWrapper)[pri:0, instance:TestRunner.TestNGRunner@38af9828]" started-at="2024-06-28T00:18:37 EDT" name="runScenario" description="Runs Cucumber Scenarios" data-provider="scenarios" finished-at="2024-06-28T00:18:37 EDT" duration-ms="384" status="PASS">
          <params>
            <param index="0">
              <value>
                <![CDATA["New user registration page"]]>
              </value>
            </param>
            <param index="1">
              <value>
                <![CDATA["To Test New Regitration"]]>
              </value>
            </param>
          </params>
          <reporter-output>
          </reporter-output>
        </test-method> <!-- runScenario -->
        <test-method signature="runScenario(io.cucumber.testng.PickleWrapper,io.cucumber.testng.FeatureWrapper)[pri:0, instance:TestRunner.TestNGRunner@38af9828]" started-at="2024-06-28T00:18:37 EDT" name="runScenario" description="Runs Cucumber Scenarios" data-provider="scenarios" finished-at="2024-06-28T00:18:43 EDT" duration-ms="5900" status="PASS">
          <params>
            <param index="0">
              <value>
                <![CDATA["check the contents in the linked list page"]]>
              </value>
            </param>
            <param index="1">
              <value>
                <![CDATA["Linked list functionality"]]>
              </value>
            </param>
          </params>
          <reporter-output>
          </reporter-output>
        </test-method> <!-- runScenario -->
        <test-method signature="runScenario(io.cucumber.testng.PickleWrapper,io.cucumber.testng.FeatureWrapper)[pri:0, instance:TestRunner.TestNGRunner@38af9828]" started-at="2024-06-28T00:18:43 EDT" name="runScenario" description="Runs Cucumber Scenarios" data-provider="scenarios" finished-at="2024-06-28T00:19:33 EDT" duration-ms="49800" status="PASS">
          <params>
            <param index="0">
              <value>
                <![CDATA["Check the contents in the linked list page"]]>
              </value>
            </param>
            <param index="1">
              <value>
                <![CDATA["Linked list functionality"]]>
              </value>
            </param>
          </params>
          <reporter-output>
          </reporter-output>
        </test-method> <!-- runScenario -->
        <test-method is-config="true" signature="tearDownClass()[pri:0, instance:TestRunner.TestNGRunner@38af9828]" started-at="2024-06-28T00:19:33 EDT" name="tearDownClass" finished-at="2024-06-28T00:19:33 EDT" duration-ms="6" status="PASS">
          <reporter-output>
          </reporter-output>
        </test-method> <!-- tearDownClass -->
      </class> <!-- TestRunner.TestNGRunner -->
    </test> <!-- Default test -->
  </suite> <!-- Default suite -->
</testng-results>
