<?xml version="1.0" encoding="UTF-8"?>
<testng-results ignored="0" total="38" passed="36" failed="2" skipped="0">
  <reporter-output>
  </reporter-output>
  <suite started-at="2024-06-23T23:45:56 EDT" name="Default suite" finished-at="2024-06-23T23:48:37 EDT" duration-ms="160457">
    <groups>
      <group name="cucumber">
        <method signature="AbstractTestNGCucumberTests.runScenario(io.cucumber.testng.PickleWrapper,io.cucumber.testng.FeatureWrapper)[pri:0, instance:TestRunner.TestNGRunner@71e9ddb4]" name="runScenario" class="io.cucumber.testng.AbstractTestNGCucumberTests"/>
      </group> <!-- cucumber -->
    </groups>
    <test started-at="2024-06-23T23:45:56 EDT" name="Default test" finished-at="2024-06-23T23:48:37 EDT" duration-ms="160457">
      <class name="TestRunner.TestNGRunner">
        <test-method is-config="true" signature="setUpClass(org.testng.ITestContext)[pri:0, instance:TestRunner.TestNGRunner@71e9ddb4]" started-at="2024-06-23T23:45:56 EDT" name="setUpClass" finished-at="2024-06-23T23:45:56 EDT" duration-ms="205" status="PASS">
          <params>
            <param index="0">
              <value>
                <![CDATA[org.testng.TestRunner@6ef037e4]]>
              </value>
            </param>
          </params>
          <reporter-output>
          </reporter-output>
        </test-method> <!-- setUpClass -->
        <test-method signature="runScenario(io.cucumber.testng.PickleWrapper,io.cucumber.testng.FeatureWrapper)[pri:0, instance:TestRunner.TestNGRunner@71e9ddb4]" started-at="2024-06-23T23:45:56 EDT" name="runScenario" description="Runs Cucumber Scenarios" data-provider="scenarios" finished-at="2024-06-23T23:46:00 EDT" duration-ms="3072" status="PASS">
          <params>
            <param index="0">
              <value>
                <![CDATA["New user registration page"]]>
              </value>
            </param>
            <param index="1">
              <value>
                <![CDATA["To Test New Regitration"]]>
              </value>
            </param>
          </params>
          <reporter-output>
          </reporter-output>
        </test-method> <!-- runScenario -->
        <test-method signature="runScenario(io.cucumber.testng.PickleWrapper,io.cucumber.testng.FeatureWrapper)[pri:0, instance:TestRunner.TestNGRunner@71e9ddb4]" started-at="2024-06-23T23:46:00 EDT" name="runScenario" description="Runs Cucumber Scenarios" data-provider="scenarios" finished-at="2024-06-23T23:46:00 EDT" duration-ms="159" status="PASS">
          <params>
            <param index="0">
              <value>
                <![CDATA["New user registration page"]]>
              </value>
            </param>
            <param index="1">
              <value>
                <![CDATA["To Test New Regitration"]]>
              </value>
            </param>
          </params>
          <reporter-output>
          </reporter-output>
        </test-method> <!-- runScenario -->
        <test-method signature="runScenario(io.cucumber.testng.PickleWrapper,io.cucumber.testng.FeatureWrapper)[pri:0, instance:TestRunner.TestNGRunner@71e9ddb4]" started-at="2024-06-23T23:46:00 EDT" name="runScenario" description="Runs Cucumber Scenarios" data-provider="scenarios" finished-at="2024-06-23T23:46:00 EDT" duration-ms="165" status="PASS">
          <params>
            <param index="0">
              <value>
                <![CDATA["New user registration page"]]>
              </value>
            </param>
            <param index="1">
              <value>
                <![CDATA["To Test New Regitration"]]>
              </value>
            </param>
          </params>
          <reporter-output>
          </reporter-output>
        </test-method> <!-- runScenario -->
        <test-method signature="runScenario(io.cucumber.testng.PickleWrapper,io.cucumber.testng.FeatureWrapper)[pri:0, instance:TestRunner.TestNGRunner@71e9ddb4]" started-at="2024-06-23T23:46:00 EDT" name="runScenario" description="Runs Cucumber Scenarios" data-provider="scenarios" finished-at="2024-06-23T23:46:00 EDT" duration-ms="145" status="PASS">
          <params>
            <param index="0">
              <value>
                <![CDATA["New user registration page"]]>
              </value>
            </param>
            <param index="1">
              <value>
                <![CDATA["To Test New Regitration"]]>
              </value>
            </param>
          </params>
          <reporter-output>
          </reporter-output>
        </test-method> <!-- runScenario -->
        <test-method signature="runScenario(io.cucumber.testng.PickleWrapper,io.cucumber.testng.FeatureWrapper)[pri:0, instance:TestRunner.TestNGRunner@71e9ddb4]" started-at="2024-06-23T23:46:00 EDT" name="runScenario" description="Runs Cucumber Scenarios" data-provider="scenarios" finished-at="2024-06-23T23:46:02 EDT" duration-ms="2219" status="PASS">
          <params>
            <param index="0">
              <value>
                <![CDATA["New user registration page"]]>
              </value>
            </param>
            <param index="1">
              <value>
                <![CDATA["To Test New Regitration"]]>
              </value>
            </param>
          </params>
          <reporter-output>
          </reporter-output>
        </test-method> <!-- runScenario -->
        <test-method signature="runScenario(io.cucumber.testng.PickleWrapper,io.cucumber.testng.FeatureWrapper)[pri:0, instance:TestRunner.TestNGRunner@71e9ddb4]" started-at="2024-06-23T23:46:02 EDT" name="runScenario" description="Runs Cucumber Scenarios" data-provider="scenarios" finished-at="2024-06-23T23:46:02 EDT" duration-ms="218" status="PASS">
          <params>
            <param index="0">
              <value>
                <![CDATA["New user registration page"]]>
              </value>
            </param>
            <param index="1">
              <value>
                <![CDATA["To Test New Regitration"]]>
              </value>
            </param>
          </params>
          <reporter-output>
          </reporter-output>
        </test-method> <!-- runScenario -->
        <test-method signature="runScenario(io.cucumber.testng.PickleWrapper,io.cucumber.testng.FeatureWrapper)[pri:0, instance:TestRunner.TestNGRunner@71e9ddb4]" started-at="2024-06-23T23:46:02 EDT" name="runScenario" description="Runs Cucumber Scenarios" data-provider="scenarios" finished-at="2024-06-23T23:46:03 EDT" duration-ms="84" status="PASS">
          <params>
            <param index="0">
              <value>
                <![CDATA["New user registration page"]]>
              </value>
            </param>
            <param index="1">
              <value>
                <![CDATA["To Test New Regitration"]]>
              </value>
            </param>
          </params>
          <reporter-output>
          </reporter-output>
        </test-method> <!-- runScenario -->
        <test-method signature="runScenario(io.cucumber.testng.PickleWrapper,io.cucumber.testng.FeatureWrapper)[pri:0, instance:TestRunner.TestNGRunner@71e9ddb4]" started-at="2024-06-23T23:46:03 EDT" name="runScenario" description="Runs Cucumber Scenarios" data-provider="scenarios" finished-at="2024-06-23T23:46:03 EDT" duration-ms="466" status="PASS">
          <params>
            <param index="0">
              <value>
                <![CDATA["New user registration page"]]>
              </value>
            </param>
            <param index="1">
              <value>
                <![CDATA["To Test New Regitration"]]>
              </value>
            </param>
          </params>
          <reporter-output>
          </reporter-output>
        </test-method> <!-- runScenario -->
        <test-method signature="runScenario(io.cucumber.testng.PickleWrapper,io.cucumber.testng.FeatureWrapper)[pri:0, instance:TestRunner.TestNGRunner@71e9ddb4]" started-at="2024-06-23T23:46:03 EDT" name="runScenario" description="Runs Cucumber Scenarios" data-provider="scenarios" finished-at="2024-06-23T23:46:04 EDT" duration-ms="548" status="PASS">
          <params>
            <param index="0">
              <value>
                <![CDATA["Login page"]]>
              </value>
            </param>
            <param index="1">
              <value>
                <![CDATA["To Test Graph page"]]>
              </value>
            </param>
          </params>
          <reporter-output>
          </reporter-output>
        </test-method> <!-- runScenario -->
        <test-method signature="runScenario(io.cucumber.testng.PickleWrapper,io.cucumber.testng.FeatureWrapper)[pri:0, instance:TestRunner.TestNGRunner@71e9ddb4]" started-at="2024-06-23T23:46:04 EDT" name="runScenario" description="Runs Cucumber Scenarios" data-provider="scenarios" finished-at="2024-06-23T23:46:11 EDT" duration-ms="7378" status="PASS">
          <params>
            <param index="0">
              <value>
                <![CDATA["Graph home page"]]>
              </value>
            </param>
            <param index="1">
              <value>
                <![CDATA["To Test Graph page"]]>
              </value>
            </param>
          </params>
          <reporter-output>
          </reporter-output>
        </test-method> <!-- runScenario -->
        <test-method signature="runScenario(io.cucumber.testng.PickleWrapper,io.cucumber.testng.FeatureWrapper)[pri:0, instance:TestRunner.TestNGRunner@71e9ddb4]" started-at="2024-06-23T23:46:11 EDT" name="runScenario" description="Runs Cucumber Scenarios" data-provider="scenarios" finished-at="2024-06-23T23:46:11 EDT" duration-ms="225" status="PASS">
          <params>
            <param index="0">
              <value>
                <![CDATA["Python Editor page without data"]]>
              </value>
            </param>
            <param index="1">
              <value>
                <![CDATA["To Test Graph page"]]>
              </value>
            </param>
          </params>
          <reporter-output>
          </reporter-output>
        </test-method> <!-- runScenario -->
        <test-method signature="runScenario(io.cucumber.testng.PickleWrapper,io.cucumber.testng.FeatureWrapper)[pri:0, instance:TestRunner.TestNGRunner@71e9ddb4]" started-at="2024-06-23T23:46:11 EDT" name="runScenario" description="Runs Cucumber Scenarios" data-provider="scenarios" finished-at="2024-06-23T23:46:12 EDT" duration-ms="860" status="PASS">
          <params>
            <param index="0">
              <value>
                <![CDATA["Python Editor page"]]>
              </value>
            </param>
            <param index="1">
              <value>
                <![CDATA["To Test Graph page"]]>
              </value>
            </param>
          </params>
          <reporter-output>
          </reporter-output>
        </test-method> <!-- runScenario -->
        <test-method signature="runScenario(io.cucumber.testng.PickleWrapper,io.cucumber.testng.FeatureWrapper)[pri:0, instance:TestRunner.TestNGRunner@71e9ddb4]" started-at="2024-06-23T23:46:12 EDT" name="runScenario" description="Runs Cucumber Scenarios" data-provider="scenarios" finished-at="2024-06-23T23:46:13 EDT" duration-ms="759" status="PASS">
          <params>
            <param index="0">
              <value>
                <![CDATA["Python Editor page"]]>
              </value>
            </param>
            <param index="1">
              <value>
                <![CDATA["To Test Graph page"]]>
              </value>
            </param>
          </params>
          <reporter-output>
          </reporter-output>
        </test-method> <!-- runScenario -->
        <test-method signature="runScenario(io.cucumber.testng.PickleWrapper,io.cucumber.testng.FeatureWrapper)[pri:0, instance:TestRunner.TestNGRunner@71e9ddb4]" started-at="2024-06-23T23:46:13 EDT" name="runScenario" description="Runs Cucumber Scenarios" data-provider="scenarios" finished-at="2024-06-23T23:46:13 EDT" duration-ms="395" status="PASS">
          <params>
            <param index="0">
              <value>
                <![CDATA["The user is on the Graph page"]]>
              </value>
            </param>
            <param index="1">
              <value>
                <![CDATA["To Test Graph page"]]>
              </value>
            </param>
          </params>
          <reporter-output>
          </reporter-output>
        </test-method> <!-- runScenario -->
        <test-method signature="runScenario(io.cucumber.testng.PickleWrapper,io.cucumber.testng.FeatureWrapper)[pri:0, instance:TestRunner.TestNGRunner@71e9ddb4]" started-at="2024-06-23T23:46:13 EDT" name="runScenario" description="Runs Cucumber Scenarios" data-provider="scenarios" finished-at="2024-06-23T23:46:14 EDT" duration-ms="324" status="PASS">
          <params>
            <param index="0">
              <value>
                <![CDATA["The user is on the Graph Representations page"]]>
              </value>
            </param>
            <param index="1">
              <value>
                <![CDATA["To Test Graph page"]]>
              </value>
            </param>
          </params>
          <reporter-output>
          </reporter-output>
        </test-method> <!-- runScenario -->
        <test-method signature="runScenario(io.cucumber.testng.PickleWrapper,io.cucumber.testng.FeatureWrapper)[pri:0, instance:TestRunner.TestNGRunner@71e9ddb4]" started-at="2024-06-23T23:46:14 EDT" name="runScenario" description="Runs Cucumber Scenarios" data-provider="scenarios" finished-at="2024-06-23T23:46:14 EDT" duration-ms="130" status="PASS">
          <params>
            <param index="0">
              <value>
                <![CDATA["Python Editor page without data"]]>
              </value>
            </param>
            <param index="1">
              <value>
                <![CDATA["To Test Graph page"]]>
              </value>
            </param>
          </params>
          <reporter-output>
          </reporter-output>
        </test-method> <!-- runScenario -->
        <test-method signature="runScenario(io.cucumber.testng.PickleWrapper,io.cucumber.testng.FeatureWrapper)[pri:0, instance:TestRunner.TestNGRunner@71e9ddb4]" started-at="2024-06-23T23:46:14 EDT" name="runScenario" description="Runs Cucumber Scenarios" data-provider="scenarios" finished-at="2024-06-23T23:46:19 EDT" duration-ms="5535" status="PASS">
          <params>
            <param index="0">
              <value>
                <![CDATA["Graph Representation Python Editor page"]]>
              </value>
            </param>
            <param index="1">
              <value>
                <![CDATA["To Test Graph page"]]>
              </value>
            </param>
          </params>
          <reporter-output>
          </reporter-output>
        </test-method> <!-- runScenario -->
        <test-method signature="runScenario(io.cucumber.testng.PickleWrapper,io.cucumber.testng.FeatureWrapper)[pri:0, instance:TestRunner.TestNGRunner@71e9ddb4]" started-at="2024-06-23T23:46:19 EDT" name="runScenario" description="Runs Cucumber Scenarios" data-provider="scenarios" finished-at="2024-06-23T23:46:20 EDT" duration-ms="952" status="PASS">
          <params>
            <param index="0">
              <value>
                <![CDATA["Python Editor page"]]>
              </value>
            </param>
            <param index="1">
              <value>
                <![CDATA["To Test Graph page"]]>
              </value>
            </param>
          </params>
          <reporter-output>
          </reporter-output>
        </test-method> <!-- runScenario -->
        <test-method signature="runScenario(io.cucumber.testng.PickleWrapper,io.cucumber.testng.FeatureWrapper)[pri:0, instance:TestRunner.TestNGRunner@71e9ddb4]" started-at="2024-06-23T23:46:20 EDT" name="runScenario" description="Runs Cucumber Scenarios" data-provider="scenarios" finished-at="2024-06-23T23:46:21 EDT" duration-ms="840" status="PASS">
          <params>
            <param index="0">
              <value>
                <![CDATA["The user is on the "Graph" page"]]>
              </value>
            </param>
            <param index="1">
              <value>
                <![CDATA["To Test Graph page"]]>
              </value>
            </param>
          </params>
          <reporter-output>
          </reporter-output>
        </test-method> <!-- runScenario -->
        <test-method signature="runScenario(io.cucumber.testng.PickleWrapper,io.cucumber.testng.FeatureWrapper)[pri:0, instance:TestRunner.TestNGRunner@71e9ddb4]" started-at="2024-06-23T23:46:21 EDT" name="runScenario" description="Runs Cucumber Scenarios" data-provider="scenarios" finished-at="2024-06-23T23:46:44 EDT" duration-ms="22885" status="PASS">
          <params>
            <param index="0">
              <value>
                <![CDATA["Check the login negative scenarios"]]>
              </value>
            </param>
            <param index="1">
              <value>
                <![CDATA["Verify the invalid login"]]>
              </value>
            </param>
          </params>
          <reporter-output>
          </reporter-output>
        </test-method> <!-- runScenario -->
        <test-method signature="runScenario(io.cucumber.testng.PickleWrapper,io.cucumber.testng.FeatureWrapper)[pri:0, instance:TestRunner.TestNGRunner@71e9ddb4]" started-at="2024-06-23T23:46:44 EDT" name="runScenario" description="Runs Cucumber Scenarios" data-provider="scenarios" finished-at="2024-06-23T23:46:44 EDT" duration-ms="43" status="FAIL">
          <params>
            <param index="0">
              <value>
                <![CDATA["Check the contents in the linked list page"]]>
              </value>
            </param>
            <param index="1">
              <value>
                <![CDATA["Linked list functionality"]]>
              </value>
            </param>
          </params>
          <exception class="java.lang.NullPointerException">
            <message>
              <![CDATA[Cannot invoke "PageObjectModel.LinkedList_Page.clickIntroLink()" because "this.llpage" is null]]>
            </message>
            <full-stacktrace>
              <![CDATA[java.lang.NullPointerException: Cannot invoke "PageObjectModel.LinkedList_Page.clickIntroLink()" because "this.llpage" is null
at stepDefinitions.LinkedList_def.clickIntro(LinkedList_def.java:74)
at ✽.user clicks on the introduction link(file:///C:/Users/mukil/Automation%20Challengers/DsAlgo_Automaion-challengers/Ds-algo/src/test/resources/Features/LinkedLList.feature:9)
]]>
            </full-stacktrace>
          </exception> <!-- java.lang.NullPointerException -->
          <reporter-output>
          </reporter-output>
        </test-method> <!-- runScenario -->
        <test-method signature="runScenario(io.cucumber.testng.PickleWrapper,io.cucumber.testng.FeatureWrapper)[pri:0, instance:TestRunner.TestNGRunner@71e9ddb4]" started-at="2024-06-23T23:46:44 EDT" name="runScenario" description="Runs Cucumber Scenarios" data-provider="scenarios" finished-at="2024-06-23T23:46:44 EDT" duration-ms="360" status="PASS">
          <params>
            <param index="0">
              <value>
                <![CDATA["Login page"]]>
              </value>
            </param>
            <param index="1">
              <value>
                <![CDATA["Login page Automation of Queue"]]>
              </value>
            </param>
          </params>
          <reporter-output>
          </reporter-output>
        </test-method> <!-- runScenario -->
        <test-method signature="runScenario(io.cucumber.testng.PickleWrapper,io.cucumber.testng.FeatureWrapper)[pri:0, instance:TestRunner.TestNGRunner@71e9ddb4]" started-at="2024-06-23T23:46:44 EDT" name="runScenario" description="Runs Cucumber Scenarios" data-provider="scenarios" finished-at="2024-06-23T23:46:59 EDT" duration-ms="14920" status="PASS">
          <params>
            <param index="0">
              <value>
                <![CDATA["Check the implementation of Queue in python"]]>
              </value>
            </param>
            <param index="1">
              <value>
                <![CDATA["Login page Automation of Queue"]]>
              </value>
            </param>
          </params>
          <reporter-output>
          </reporter-output>
        </test-method> <!-- runScenario -->
        <test-method signature="runScenario(io.cucumber.testng.PickleWrapper,io.cucumber.testng.FeatureWrapper)[pri:0, instance:TestRunner.TestNGRunner@71e9ddb4]" started-at="2024-06-23T23:46:59 EDT" name="runScenario" description="Runs Cucumber Scenarios" data-provider="scenarios" finished-at="2024-06-23T23:47:08 EDT" duration-ms="9139" status="PASS">
          <params>
            <param index="0">
              <value>
                <![CDATA["Check the implementation using collections.deque"]]>
              </value>
            </param>
            <param index="1">
              <value>
                <![CDATA["Login page Automation of Queue"]]>
              </value>
            </param>
          </params>
          <reporter-output>
          </reporter-output>
        </test-method> <!-- runScenario -->
        <test-method signature="runScenario(io.cucumber.testng.PickleWrapper,io.cucumber.testng.FeatureWrapper)[pri:0, instance:TestRunner.TestNGRunner@71e9ddb4]" started-at="2024-06-23T23:47:08 EDT" name="runScenario" description="Runs Cucumber Scenarios" data-provider="scenarios" finished-at="2024-06-23T23:47:16 EDT" duration-ms="7260" status="PASS">
          <params>
            <param index="0">
              <value>
                <![CDATA["Check the implementation using Array"]]>
              </value>
            </param>
            <param index="1">
              <value>
                <![CDATA["Login page Automation of Queue"]]>
              </value>
            </param>
          </params>
          <reporter-output>
          </reporter-output>
        </test-method> <!-- runScenario -->
        <test-method signature="runScenario(io.cucumber.testng.PickleWrapper,io.cucumber.testng.FeatureWrapper)[pri:0, instance:TestRunner.TestNGRunner@71e9ddb4]" started-at="2024-06-23T23:47:16 EDT" name="runScenario" description="Runs Cucumber Scenarios" data-provider="scenarios" finished-at="2024-06-23T23:47:26 EDT" duration-ms="10070" status="PASS">
          <params>
            <param index="0">
              <value>
                <![CDATA["Check the Queue Operations"]]>
              </value>
            </param>
            <param index="1">
              <value>
                <![CDATA["Login page Automation of Queue"]]>
              </value>
            </param>
          </params>
          <reporter-output>
          </reporter-output>
        </test-method> <!-- runScenario -->
        <test-method signature="runScenario(io.cucumber.testng.PickleWrapper,io.cucumber.testng.FeatureWrapper)[pri:0, instance:TestRunner.TestNGRunner@71e9ddb4]" started-at="2024-06-23T23:47:26 EDT" name="runScenario" description="Runs Cucumber Scenarios" data-provider="scenarios" finished-at="2024-06-23T23:47:33 EDT" duration-ms="6881" status="PASS">
          <params>
            <param index="0">
              <value>
                <![CDATA["Navigate to the practice questions page"]]>
              </value>
            </param>
            <param index="1">
              <value>
                <![CDATA["Login page Automation of Queue"]]>
              </value>
            </param>
          </params>
          <reporter-output>
          </reporter-output>
        </test-method> <!-- runScenario -->
        <test-method signature="runScenario(io.cucumber.testng.PickleWrapper,io.cucumber.testng.FeatureWrapper)[pri:0, instance:TestRunner.TestNGRunner@71e9ddb4]" started-at="2024-06-23T23:47:33 EDT" name="runScenario" description="Runs Cucumber Scenarios" data-provider="scenarios" finished-at="2024-06-23T23:47:33 EDT" duration-ms="242" status="PASS">
          <params>
            <param index="0">
              <value>
                <![CDATA["Login page"]]>
              </value>
            </param>
            <param index="1">
              <value>
                <![CDATA["Login page Automation of Stack"]]>
              </value>
            </param>
          </params>
          <reporter-output>
          </reporter-output>
        </test-method> <!-- runScenario -->
        <test-method signature="runScenario(io.cucumber.testng.PickleWrapper,io.cucumber.testng.FeatureWrapper)[pri:0, instance:TestRunner.TestNGRunner@71e9ddb4]" started-at="2024-06-23T23:47:33 EDT" name="runScenario" description="Runs Cucumber Scenarios" data-provider="scenarios" finished-at="2024-06-23T23:47:39 EDT" duration-ms="6538" status="PASS">
          <params>
            <param index="0">
              <value>
                <![CDATA["Check the user is on the DS stack page"]]>
              </value>
            </param>
            <param index="1">
              <value>
                <![CDATA["Login page Automation of Stack"]]>
              </value>
            </param>
          </params>
          <reporter-output>
          </reporter-output>
        </test-method> <!-- runScenario -->
        <test-method signature="runScenario(io.cucumber.testng.PickleWrapper,io.cucumber.testng.FeatureWrapper)[pri:0, instance:TestRunner.TestNGRunner@71e9ddb4]" started-at="2024-06-23T23:47:39 EDT" name="runScenario" description="Runs Cucumber Scenarios" data-provider="scenarios" finished-at="2024-06-23T23:47:46 EDT" duration-ms="6828" status="PASS">
          <params>
            <param index="0">
              <value>
                <![CDATA["check the implementation of stack"]]>
              </value>
            </param>
            <param index="1">
              <value>
                <![CDATA["Login page Automation of Stack"]]>
              </value>
            </param>
          </params>
          <reporter-output>
          </reporter-output>
        </test-method> <!-- runScenario -->
        <test-method signature="runScenario(io.cucumber.testng.PickleWrapper,io.cucumber.testng.FeatureWrapper)[pri:0, instance:TestRunner.TestNGRunner@71e9ddb4]" started-at="2024-06-23T23:47:46 EDT" name="runScenario" description="Runs Cucumber Scenarios" data-provider="scenarios" finished-at="2024-06-23T23:47:56 EDT" duration-ms="9376" status="PASS">
          <params>
            <param index="0">
              <value>
                <![CDATA["check the Application link in stack page"]]>
              </value>
            </param>
            <param index="1">
              <value>
                <![CDATA["Login page Automation of Stack"]]>
              </value>
            </param>
          </params>
          <reporter-output>
          </reporter-output>
        </test-method> <!-- runScenario -->
        <test-method signature="runScenario(io.cucumber.testng.PickleWrapper,io.cucumber.testng.FeatureWrapper)[pri:0, instance:TestRunner.TestNGRunner@71e9ddb4]" started-at="2024-06-23T23:47:56 EDT" name="runScenario" description="Runs Cucumber Scenarios" data-provider="scenarios" finished-at="2024-06-23T23:47:59 EDT" duration-ms="3471" status="PASS">
          <params>
            <param index="0">
              <value>
                <![CDATA["check the practice questions link in the stack page"]]>
              </value>
            </param>
            <param index="1">
              <value>
                <![CDATA["Login page Automation of Stack"]]>
              </value>
            </param>
          </params>
          <reporter-output>
          </reporter-output>
        </test-method> <!-- runScenario -->
        <test-method signature="runScenario(io.cucumber.testng.PickleWrapper,io.cucumber.testng.FeatureWrapper)[pri:0, instance:TestRunner.TestNGRunner@71e9ddb4]" started-at="2024-06-23T23:47:59 EDT" name="runScenario" description="Runs Cucumber Scenarios" data-provider="scenarios" finished-at="2024-06-23T23:48:28 EDT" duration-ms="29385" status="PASS">
          <params>
            <param index="0">
              <value>
                <![CDATA["Check the contents in the Tree page"]]>
              </value>
            </param>
            <param index="1">
              <value>
                <![CDATA["Tree functionality"]]>
              </value>
            </param>
          </params>
          <reporter-output>
          </reporter-output>
        </test-method> <!-- runScenario -->
        <test-method signature="runScenario(io.cucumber.testng.PickleWrapper,io.cucumber.testng.FeatureWrapper)[pri:0, instance:TestRunner.TestNGRunner@71e9ddb4]" started-at="2024-06-23T23:48:28 EDT" name="runScenario" description="Runs Cucumber Scenarios" data-provider="scenarios" finished-at="2024-06-23T23:48:28 EDT" duration-ms="2" status="PASS">
          <params>
            <param index="0">
              <value>
                <![CDATA["Login page"]]>
              </value>
            </param>
            <param index="1">
              <value>
                <![CDATA["Login page Automation of DS-ALGO"]]>
              </value>
            </param>
          </params>
          <reporter-output>
          </reporter-output>
        </test-method> <!-- runScenario -->
        <test-method signature="runScenario(io.cucumber.testng.PickleWrapper,io.cucumber.testng.FeatureWrapper)[pri:0, instance:TestRunner.TestNGRunner@71e9ddb4]" started-at="2024-06-23T23:48:28 EDT" name="runScenario" description="Runs Cucumber Scenarios" data-provider="scenarios" finished-at="2024-06-23T23:48:29 EDT" duration-ms="621" status="PASS">
          <params>
            <param index="0">
              <value>
                <![CDATA["Data structures - Introduction page"]]>
              </value>
            </param>
            <param index="1">
              <value>
                <![CDATA["Login page Automation of DS-ALGO"]]>
              </value>
            </param>
          </params>
          <reporter-output>
          </reporter-output>
        </test-method> <!-- runScenario -->
        <test-method signature="runScenario(io.cucumber.testng.PickleWrapper,io.cucumber.testng.FeatureWrapper)[pri:0, instance:TestRunner.TestNGRunner@71e9ddb4]" started-at="2024-06-23T23:48:29 EDT" name="runScenario" description="Runs Cucumber Scenarios" data-provider="scenarios" finished-at="2024-06-23T23:48:32 EDT" duration-ms="2495" status="PASS">
          <params>
            <param index="0">
              <value>
                <![CDATA["Data structures - Introduction page"]]>
              </value>
            </param>
            <param index="1">
              <value>
                <![CDATA["Login page Automation of DS-ALGO"]]>
              </value>
            </param>
          </params>
          <reporter-output>
          </reporter-output>
        </test-method> <!-- runScenario -->
        <test-method signature="runScenario(io.cucumber.testng.PickleWrapper,io.cucumber.testng.FeatureWrapper)[pri:0, instance:TestRunner.TestNGRunner@71e9ddb4]" started-at="2024-06-23T23:48:32 EDT" name="runScenario" description="Runs Cucumber Scenarios" data-provider="scenarios" finished-at="2024-06-23T23:48:34 EDT" duration-ms="2345" status="PASS">
          <params>
            <param index="0">
              <value>
                <![CDATA["Data structures - Introduction page"]]>
              </value>
            </param>
            <param index="1">
              <value>
                <![CDATA["Login page Automation of DS-ALGO"]]>
              </value>
            </param>
          </params>
          <reporter-output>
          </reporter-output>
        </test-method> <!-- runScenario -->
        <test-method signature="runScenario(io.cucumber.testng.PickleWrapper,io.cucumber.testng.FeatureWrapper)[pri:0, instance:TestRunner.TestNGRunner@71e9ddb4]" started-at="2024-06-23T23:48:34 EDT" name="runScenario" description="Runs Cucumber Scenarios" data-provider="scenarios" finished-at="2024-06-23T23:48:37 EDT" duration-ms="2748" status="FAIL">
          <params>
            <param index="0">
              <value>
                <![CDATA["Data structures - Introduction page"]]>
              </value>
            </param>
            <param index="1">
              <value>
                <![CDATA["Login page Automation of DS-ALGO"]]>
              </value>
            </param>
          </params>
          <exception class="org.openqa.selenium.NoSuchSessionException">
            <message>
              <![CDATA[Session ID is null. Using WebDriver after calling quit()?
Build info: version: '4.20.0', revision: '866c76ca80'
System info: os.name: 'Windows 11', os.arch: 'amd64', os.version: '10.0', java.version: '21.0.3'
Driver info: org.openqa.selenium.chrome.ChromeDriver
Command: [null, goBack {}]
Capabilities {acceptInsecureCerts: false, browserName: chrome, browserVersion: 126.0.6478.114, chrome: {chromedriverVersion: 125.0.6422.60 (3ac3319bff9f..., userDataDir: C:\Users\mukil\AppData\Loca...}, fedcm:accounts: true, goog:chromeOptions: {debuggerAddress: localhost:64625}, networkConnectionEnabled: false, pageLoadStrategy: normal, platformName: windows, proxy: Proxy(), se:cdp: ws://localhost:64625/devtoo..., se:cdpVersion: 126.0.6478.114, setWindowRect: true, strictFileInteractability: false, timeouts: {implicit: 0, pageLoad: 300000, script: 30000}, unhandledPromptBehavior: dismiss and notify, webauthn:extension:credBlob: true, webauthn:extension:largeBlob: true, webauthn:extension:minPinLength: true, webauthn:extension:prf: true, webauthn:virtualAuthenticators: true}]]>
            </message>
            <full-stacktrace>
              <![CDATA[org.openqa.selenium.NoSuchSessionException: Session ID is null. Using WebDriver after calling quit()?
Build info: version: '4.20.0', revision: '866c76ca80'
System info: os.name: 'Windows 11', os.arch: 'amd64', os.version: '10.0', java.version: '21.0.3'
Driver info: org.openqa.selenium.chrome.ChromeDriver
Command: [null, goBack {}]
Capabilities {acceptInsecureCerts: false, browserName: chrome, browserVersion: 126.0.6478.114, chrome: {chromedriverVersion: 125.0.6422.60 (3ac3319bff9f..., userDataDir: C:\Users\mukil\AppData\Loca...}, fedcm:accounts: true, goog:chromeOptions: {debuggerAddress: localhost:64625}, networkConnectionEnabled: false, pageLoadStrategy: normal, platformName: windows, proxy: Proxy(), se:cdp: ws://localhost:64625/devtoo..., se:cdpVersion: 126.0.6478.114, setWindowRect: true, strictFileInteractability: false, timeouts: {implicit: 0, pageLoad: 300000, script: 30000}, unhandledPromptBehavior: dismiss and notify, webauthn:extension:credBlob: true, webauthn:extension:largeBlob: true, webauthn:extension:minPinLength: true, webauthn:extension:prf: true, webauthn:virtualAuthenticators: true}
at org.openqa.selenium.remote.HttpCommandExecutor.execute(HttpCommandExecutor.java:151)
at org.openqa.selenium.remote.service.DriverCommandExecutor.invokeExecute(DriverCommandExecutor.java:216)
at org.openqa.selenium.remote.service.DriverCommandExecutor.execute(DriverCommandExecutor.java:174)
at org.openqa.selenium.remote.RemoteWebDriver.execute(RemoteWebDriver.java:518)
at org.openqa.selenium.remote.RemoteWebDriver.execute(RemoteWebDriver.java:591)
at org.openqa.selenium.remote.RemoteWebDriver.execute(RemoteWebDriver.java:595)
at org.openqa.selenium.remote.RemoteWebDriver$RemoteNavigation.back(RemoteWebDriver.java:1053)
at PageObjectModel.DSIntro.goBack(DSIntro.java:71)
at stepDefinitions.LoginstepsDefinition.nothing_displays_and_user_directed_to_homepage(LoginstepsDefinition.java:110)
at ✽.Nothing displays and user directed to dspage(file:///C:/Users/mukil/Automation%20Challengers/DsAlgo_Automaion-challengers/Ds-algo/src/test/resources/Features/ds_introduction.feature:27)
]]>
            </full-stacktrace>
          </exception> <!-- org.openqa.selenium.NoSuchSessionException -->
          <reporter-output>
          </reporter-output>
        </test-method> <!-- runScenario -->
        <test-method is-config="true" signature="tearDownClass()[pri:0, instance:TestRunner.TestNGRunner@71e9ddb4]" started-at="2024-06-23T23:48:37 EDT" name="tearDownClass" finished-at="2024-06-23T23:48:37 EDT" duration-ms="0" status="PASS">
          <reporter-output>
          </reporter-output>
        </test-method> <!-- tearDownClass -->
      </class> <!-- TestRunner.TestNGRunner -->
    </test> <!-- Default test -->
  </suite> <!-- Default suite -->
</testng-results>
