<?xml version="1.0" encoding="UTF-8"?>
<!-- Generated by org.testng.reporters.JUnitReportReporter -->
<testsuite hostname="Mukilsai" failures="0" tests="43" name="TestRunner.TestNGRunner" time="239.753" errors="2" timestamp="2024-06-25T11:33:38 EDT" skipped="0">
  <testcase classname="TestRunner.TestNGRunner" name="runScenario" time="6.076"/>
  <testcase classname="TestRunner.TestNGRunner" name="runScenario" time="6.403"/>
  <testcase classname="TestRunner.TestNGRunner" name="runScenario" time="27.642"/>
  <testcase classname="TestRunner.TestNGRunner" name="runScenario" time="0.286"/>
  <testcase classname="TestRunner.TestNGRunner" name="runScenario" time="2.808"/>
  <testcase classname="TestRunner.TestNGRunner" name="runScenario" time="5.539"/>
  <testcase classname="TestRunner.TestNGRunner" name="runScenario" time="0.648"/>
  <testcase classname="TestRunner.TestNGRunner" name="runScenario" time="12.684"/>
  <testcase classname="TestRunner.TestNGRunner" name="runScenario" time="0.164"/>
  <testcase classname="TestRunner.TestNGRunner" name="runScenario" time="2.328"/>
  <testcase classname="TestRunner.TestNGRunner" name="runScenario" time="0.377"/>
  <testcase classname="TestRunner.TestNGRunner" name="runScenario" time="2.513"/>
  <testcase classname="TestRunner.TestNGRunner" name="runScenario" time="6.006"/>
  <testcase classname="TestRunner.TestNGRunner" name="runScenario" time="0.879"/>
  <testcase classname="TestRunner.TestNGRunner" name="runScenario" time="4.928"/>
  <testcase classname="TestRunner.TestNGRunner" name="runScenario" time="3.176"/>
  <testcase classname="TestRunner.TestNGRunner" name="runScenario" time="0.140"/>
  <testcase classname="TestRunner.TestNGRunner" name="runScenario" time="29.947"/>
  <testcase classname="TestRunner.TestNGRunner" name="runScenario" time="9.611"/>
  <testcase classname="TestRunner.TestNGRunner" name="runScenario" time="15.838"/>
  <testcase classname="TestRunner.TestNGRunner" name="runScenario" time="0.324"/>
  <testcase classname="TestRunner.TestNGRunner" name="runScenario" time="0.365"/>
  <testcase classname="TestRunner.TestNGRunner" name="runScenario" time="22.297"/>
  <testcase classname="TestRunner.TestNGRunner" name="runScenario" time="2.798"/>
  <testcase classname="TestRunner.TestNGRunner" name="runScenario" time="9.451"/>
  <testcase classname="TestRunner.TestNGRunner" name="runScenario" time="9.904"/>
  <testcase classname="TestRunner.TestNGRunner" name="runScenario" time="0.145"/>
  <testcase classname="TestRunner.TestNGRunner" name="runScenario" time="10.728"/>
  <testcase classname="TestRunner.TestNGRunner" name="runScenario" time="3.833"/>
  <testcase classname="TestRunner.TestNGRunner" name="runScenario" time="0.230"/>
  <testcase classname="TestRunner.TestNGRunner" name="runScenario" time="11.702"/>
  <testcase classname="TestRunner.TestNGRunner" name="runScenario" time="1.125"/>
  <testcase classname="TestRunner.TestNGRunner" name="runScenario" time="1.001"/>
  <testcase classname="TestRunner.TestNGRunner" name="runScenario" time="10.100">
    <error message="no such element: Unable to locate element: {&quot;method&quot;:&quot;xpath&quot;,&quot;selector&quot;:&quot;//a[@href=&#039;/login&#039;]&quot;}
  (Session info: chrome=126.0.6478.115)
For documentation on this error, please visit: https://www.selenium.dev/documentation/webdriver/troubleshooting/errors#no-such-element-exception
Build info: version: &#039;4.20.0&#039;, revision: &#039;866c76ca80&#039;
System info: os.name: &#039;Windows 11&#039;, os.arch: &#039;amd64&#039;, os.version: &#039;10.0&#039;, java.version: &#039;21.0.3&#039;
Driver info: org.openqa.selenium.chrome.ChromeDriver
Command: [5d45b4efa850aa4b4e0a5b71ffacde20, findElement {value=//a[@href=&#039;/login&#039;], using=xpath}]
Capabilities {acceptInsecureCerts: false, browserName: chrome, browserVersion: 126.0.6478.115, chrome: {chromedriverVersion: 125.0.6422.60 (3ac3319bff9f..., userDataDir: C:\Users\mukil\AppData\Loca...}, fedcm:accounts: true, goog:chromeOptions: {debuggerAddress: localhost:57961}, networkConnectionEnabled: false, pageLoadStrategy: normal, platformName: windows, proxy: Proxy(), se:cdp: ws://localhost:57961/devtoo..., se:cdpVersion: 126.0.6478.115, setWindowRect: true, strictFileInteractability: false, timeouts: {implicit: 0, pageLoad: 300000, script: 30000}, unhandledPromptBehavior: dismiss and notify, webauthn:extension:credBlob: true, webauthn:extension:largeBlob: true, webauthn:extension:minPinLength: true, webauthn:extension:prf: true, webauthn:virtualAuthenticators: true}
Session ID: 5d45b4efa850aa4b4e0a5b71ffacde20" type="org.openqa.selenium.NoSuchElementException">
      <![CDATA[org.openqa.selenium.NoSuchElementException: no such element: Unable to locate element: {"method":"xpath","selector":"//a[@href='/login']"}
  (Session info: chrome=126.0.6478.115)
For documentation on this error, please visit: https://www.selenium.dev/documentation/webdriver/troubleshooting/errors#no-such-element-exception
Build info: version: '4.20.0', revision: '866c76ca80'
System info: os.name: 'Windows 11', os.arch: 'amd64', os.version: '10.0', java.version: '21.0.3'
Driver info: org.openqa.selenium.chrome.ChromeDriver
Command: [5d45b4efa850aa4b4e0a5b71ffacde20, findElement {value=//a[@href='/login'], using=xpath}]
Capabilities {acceptInsecureCerts: false, browserName: chrome, browserVersion: 126.0.6478.115, chrome: {chromedriverVersion: 125.0.6422.60 (3ac3319bff9f..., userDataDir: C:\Users\mukil\AppData\Loca...}, fedcm:accounts: true, goog:chromeOptions: {debuggerAddress: localhost:57961}, networkConnectionEnabled: false, pageLoadStrategy: normal, platformName: windows, proxy: Proxy(), se:cdp: ws://localhost:57961/devtoo..., se:cdpVersion: 126.0.6478.115, setWindowRect: true, strictFileInteractability: false, timeouts: {implicit: 0, pageLoad: 300000, script: 30000}, unhandledPromptBehavior: dismiss and notify, webauthn:extension:credBlob: true, webauthn:extension:largeBlob: true, webauthn:extension:minPinLength: true, webauthn:extension:prf: true, webauthn:virtualAuthenticators: true}
Session ID: 5d45b4efa850aa4b4e0a5b71ffacde20
at java.base/jdk.internal.reflect.DirectConstructorHandleAccessor.newInstance(DirectConstructorHandleAccessor.java:62)
at java.base/java.lang.reflect.Constructor.newInstanceWithCaller(Constructor.java:502)
at java.base/java.lang.reflect.Constructor.newInstance(Constructor.java:486)
at org.openqa.selenium.remote.ErrorCodec.decode(ErrorCodec.java:167)
at org.openqa.selenium.remote.codec.w3c.W3CHttpResponseCodec.decode(W3CHttpResponseCodec.java:138)
at org.openqa.selenium.remote.codec.w3c.W3CHttpResponseCodec.decode(W3CHttpResponseCodec.java:50)
at org.openqa.selenium.remote.HttpCommandExecutor.execute(HttpCommandExecutor.java:190)
at org.openqa.selenium.remote.service.DriverCommandExecutor.invokeExecute(DriverCommandExecutor.java:216)
at org.openqa.selenium.remote.service.DriverCommandExecutor.execute(DriverCommandExecutor.java:174)
at org.openqa.selenium.remote.RemoteWebDriver.execute(RemoteWebDriver.java:518)
at org.openqa.selenium.remote.ElementLocation$ElementFinder$2.findElement(ElementLocation.java:165)
at org.openqa.selenium.remote.ElementLocation.findElement(ElementLocation.java:59)
at org.openqa.selenium.remote.RemoteWebDriver.findElement(RemoteWebDriver.java:355)
at org.openqa.selenium.remote.RemoteWebDriver.findElement(RemoteWebDriver.java:349)
at PageObjectModel.dsalgo_Login.doLogin(dsalgo_Login.java:82)
at stepDefinitions.LinkedList_def.inHomePage(LinkedList_def.java:56)
at ✽.user is on the linked list page(file:///C:/Users/mukil/Automation%20Challengers/DsAlgo_Automaion-challengers/Ds-algo/src/test/resources/Features/LinkedLList.feature:4)
]]>
    </error>
  </testcase> <!-- runScenario -->
  <testcase classname="TestRunner.TestNGRunner" name="runScenario" time="0.218"/>
  <testcase classname="TestRunner.TestNGRunner" name="runScenario" time="0.887"/>
  <testcase classname="TestRunner.TestNGRunner" name="runScenario" time="0.015"/>
  <testcase classname="TestRunner.TestNGRunner" name="runScenario" time="1.018"/>
  <testcase classname="TestRunner.TestNGRunner" name="runScenario" time="0.205"/>
  <testcase classname="TestRunner.TestNGRunner" name="runScenario" time="11.705"/>
  <testcase classname="TestRunner.TestNGRunner" name="runScenario" time="0.341"/>
  <testcase classname="TestRunner.TestNGRunner" name="runScenario" time="0.811"/>
  <testcase classname="TestRunner.TestNGRunner" name="runScenario" time="2.557">
    <error message="invalid session id
Build info: version: &#039;4.20.0&#039;, revision: &#039;866c76ca80&#039;
System info: os.name: &#039;Windows 11&#039;, os.arch: &#039;amd64&#039;, os.version: &#039;10.0&#039;, java.version: &#039;21.0.3&#039;
Driver info: org.openqa.selenium.chrome.ChromeDriver
Command: [5d45b4efa850aa4b4e0a5b71ffacde20, goBack {}]
Capabilities {acceptInsecureCerts: false, browserName: chrome, browserVersion: 126.0.6478.115, chrome: {chromedriverVersion: 125.0.6422.60 (3ac3319bff9f..., userDataDir: C:\Users\mukil\AppData\Loca...}, fedcm:accounts: true, goog:chromeOptions: {debuggerAddress: localhost:57961}, networkConnectionEnabled: false, pageLoadStrategy: normal, platformName: windows, proxy: Proxy(), se:cdp: ws://localhost:57961/devtoo..., se:cdpVersion: 126.0.6478.115, setWindowRect: true, strictFileInteractability: false, timeouts: {implicit: 0, pageLoad: 300000, script: 30000}, unhandledPromptBehavior: dismiss and notify, webauthn:extension:credBlob: true, webauthn:extension:largeBlob: true, webauthn:extension:minPinLength: true, webauthn:extension:prf: true, webauthn:virtualAuthenticators: true}
Session ID: 5d45b4efa850aa4b4e0a5b71ffacde20" type="org.openqa.selenium.NoSuchSessionException">
      <![CDATA[org.openqa.selenium.NoSuchSessionException: invalid session id
Build info: version: '4.20.0', revision: '866c76ca80'
System info: os.name: 'Windows 11', os.arch: 'amd64', os.version: '10.0', java.version: '21.0.3'
Driver info: org.openqa.selenium.chrome.ChromeDriver
Command: [5d45b4efa850aa4b4e0a5b71ffacde20, goBack {}]
Capabilities {acceptInsecureCerts: false, browserName: chrome, browserVersion: 126.0.6478.115, chrome: {chromedriverVersion: 125.0.6422.60 (3ac3319bff9f..., userDataDir: C:\Users\mukil\AppData\Loca...}, fedcm:accounts: true, goog:chromeOptions: {debuggerAddress: localhost:57961}, networkConnectionEnabled: false, pageLoadStrategy: normal, platformName: windows, proxy: Proxy(), se:cdp: ws://localhost:57961/devtoo..., se:cdpVersion: 126.0.6478.115, setWindowRect: true, strictFileInteractability: false, timeouts: {implicit: 0, pageLoad: 300000, script: 30000}, unhandledPromptBehavior: dismiss and notify, webauthn:extension:credBlob: true, webauthn:extension:largeBlob: true, webauthn:extension:minPinLength: true, webauthn:extension:prf: true, webauthn:virtualAuthenticators: true}
Session ID: 5d45b4efa850aa4b4e0a5b71ffacde20
at java.base/jdk.internal.reflect.DirectConstructorHandleAccessor.newInstance(DirectConstructorHandleAccessor.java:62)
at java.base/java.lang.reflect.Constructor.newInstanceWithCaller(Constructor.java:502)
at java.base/java.lang.reflect.Constructor.newInstance(Constructor.java:486)
at org.openqa.selenium.remote.ErrorCodec.decode(ErrorCodec.java:167)
at org.openqa.selenium.remote.codec.w3c.W3CHttpResponseCodec.decode(W3CHttpResponseCodec.java:138)
at org.openqa.selenium.remote.codec.w3c.W3CHttpResponseCodec.decode(W3CHttpResponseCodec.java:50)
at org.openqa.selenium.remote.HttpCommandExecutor.execute(HttpCommandExecutor.java:190)
at org.openqa.selenium.remote.service.DriverCommandExecutor.invokeExecute(DriverCommandExecutor.java:216)
at org.openqa.selenium.remote.service.DriverCommandExecutor.execute(DriverCommandExecutor.java:174)
at org.openqa.selenium.remote.RemoteWebDriver.execute(RemoteWebDriver.java:518)
at org.openqa.selenium.remote.RemoteWebDriver.execute(RemoteWebDriver.java:591)
at org.openqa.selenium.remote.RemoteWebDriver.execute(RemoteWebDriver.java:595)
at org.openqa.selenium.remote.RemoteWebDriver$RemoteNavigation.back(RemoteWebDriver.java:1053)
at PageObjectModel.DSIntro.goBack(DSIntro.java:70)
at stepDefinitions.LoginstepsDefinition.nothing_displays_and_user_directed_to_homepage(LoginstepsDefinition.java:110)
at ✽.Nothing displays and user directed to dspage(file:///C:/Users/mukil/Automation%20Challengers/DsAlgo_Automaion-challengers/Ds-algo/src/test/resources/Features/ds_introduction.feature:27)
]]>
    </error>
  </testcase> <!-- runScenario -->
</testsuite> <!-- TestRunner.TestNGRunner -->
